<?xml version="1.0" encoding="UTF-8"?>
<testng-results total="1" passed="1" failed="0" skipped="0">
  <reporter-output>
  </reporter-output>
  <suite started-at="2021-05-03T18:00:26Z" name="Suite" finished-at="2021-05-03T18:01:36Z" duration-ms="69975">
    <groups>
    </groups>
    <test started-at="2021-05-03T18:00:26Z" name="Test" finished-at="2021-05-03T18:01:36Z" duration-ms="69975">
      <class name="automation.Fusion">
        <test-method is-config="true" signature="Setup(org.testng.ITestContext)[pri:0, instance:automation.Fusion@57c758ac]" started-at="2021-05-03T14:00:26Z" name="Setup" finished-at="2021-05-03T14:00:26Z" duration-ms="188" status="PASS">
          <params>
            <param index="0">
              <value>
                <![CDATA[org.testng.TestRunner@6403a4a5]]>
              </value>
            </param>
          </params>
          <reporter-output>
          </reporter-output>
        </test-method> <!-- Setup -->
        <test-method is-config="true" signature="initialize1()[pri:0, instance:automation.Fusion@57c758ac]" started-at="2021-05-03T14:00:26Z" name="initialize1" finished-at="2021-05-03T14:00:29Z" duration-ms="2822" status="PASS">
          <reporter-output>
          </reporter-output>
        </test-method> <!-- initialize1 -->
        <test-method signature="m1()[pri:0, instance:automation.Fusion@57c758ac]" started-at="2021-05-03T14:00:29Z" name="m1" finished-at="2021-05-03T14:01:36Z" duration-ms="67138" status="PASS">
          <reporter-output>
          </reporter-output>
        </test-method> <!-- m1 -->
        <test-method is-config="true" signature="tearDown(org.testng.ITestContext)[pri:0, instance:automation.Fusion@57c758ac]" started-at="2021-05-03T14:01:36Z" name="tearDown" finished-at="2021-05-03T14:01:36Z" duration-ms="4" status="PASS">
          <params>
            <param index="0">
              <value>
                <![CDATA[org.testng.TestRunner@6403a4a5]]>
              </value>
            </param>
          </params>
          <reporter-output>
          </reporter-output>
        </test-method> <!-- tearDown -->
      </class> <!-- automation.Fusion -->
    </test> <!-- Test -->
  </suite> <!-- Suite -->
</testng-results>
